<?xml version="1.0" encoding="UTF-8"?>
<testsuite xmlns:xsi="http://www.w3.org/2001/XMLSchema-instance" xsi:noNamespaceSchemaLocation="https://maven.apache.org/surefire/maven-surefire-plugin/xsd/surefire-test-report-3.0.xsd" version="3.0" name="PersonTest" time="0.064" tests="11" errors="0" skipped="0" failures="0">
  <properties>
[...]
</properties>
  <testcase name="canAddSibling" classname="PersonTest" time="0.027"/>
  <testcase name="canAddChildFemale" classname="PersonTest" time="0.001"/>
  <testcase name="canAddChildMale" classname="PersonTest" time="0.001"/>
  <testcase name="canAddParents" classname="PersonTest" time="0.001"/>
  <testcase name="canAddPet" classname="PersonTest" time="0"/>
  <testcase name="canGetNieces" classname="PersonTest" time="0.001"/>
  <testcase name="getFamilyReunionList" classname="PersonTest" time="0.001"/>
  <testcase name="increaseAge" classname="PersonTest" time="0.001"/>
  <testcase name="canGetGrandChildren" classname="PersonTest" time="0.001"/>
  <testcase name="cannotAddConsistingChild" classname="PersonTest" time="0.001"/>
  <testcase name="canGetPetsOfGrandChildren" classname="PersonTest" time="0.001"/>
</testsuite>